date: 2014-05-17 16:50:37.665
argv: node /usr/local/bin/hexo server
os: Darwin 13.1.0 darwin x64
version:
  hexo: 2.4.5
  http_parser: 2.2
  node: 0.11.12
  v8: 3.22.24.19
  uv: 0.11.22
  zlib: 1.2.3
  modules: 14
  openssl: 1.0.1f
---

[debug] 16:50:37.021 Configuration file load successfully
[debug] 16:50:37.022 Version info checked successfully
[debug] 16:50:37.041 Loading database.
[debug] 16:50:37.068 Plugin loaded successfully: hexo-generator-sitemap
[debug] 16:50:37.255 Plugin loaded successfully: hexo-renderer-jade
[debug] 16:50:37.267 Theme layout loaded
[debug] 16:50:37.269 Processed: _drafts/css微布局.md
[debug] 16:50:37.281 Theme configuration loaded
[debug] 16:50:37.619 Theme source loaded
[debug] 16:50:37.653 Processed: about/index.md
[debug] 16:50:37.654 Processed: hr/index.md
[debug] 16:50:37.654 Processed: joycss/index.md
[debug] 16:50:37.654 Processed: message-board/index.md
[debug] 16:50:37.655 Processed: _posts/a-little-php-program.md
[debug] 16:50:37.655 Processed: _posts/culture-war.md
[debug] 16:50:37.655 Processed: _posts/Content-Security-Policy.md
[debug] 16:50:37.655 Processed: _posts/about-vim.md
[debug] 16:50:37.655 Processed: _posts/an-fun-discuss.md
[debug] 16:50:37.655 Processed: _posts/d2-some-feeling.md
[debug] 16:50:37.655 Processed: _posts/find-some-bugs.md
[debug] 16:50:37.655 Processed: _posts/flowing-wild.md
[debug] 16:50:37.655 Processed: _posts/hierarchical-data-show-in-html.md
[debug] 16:50:37.655 Processed: _posts/how-to-realize-a-compiler.md
[debug] 16:50:37.655 Processed: _posts/how-vim-so-good.md
[debug] 16:50:37.655 Processed: _posts/listen.md
[debug] 16:50:37.655 Processed: _posts/love-life.md
[debug] 16:50:37.655 Processed: _posts/peer-say.md
[debug] 16:50:37.655 Processed: _posts/php-learning-experience.md
[debug] 16:50:37.655 Processed: _posts/spss-install.md
[debug] 16:50:37.655 Processed: _posts/test-of-array_key_exists-vs-isset.md
[debug] 16:50:37.655 Processed: _posts/web-concept.md
[debug] 16:50:37.655 Processed: _posts/webshell.md
[debug] 16:50:37.655 Processed: _posts/winter-vacation-summary.md
[error] 16:50:37.662 HexoError: Process failed: _posts/how-to-reliaze-mvvm--bidi.md
SyntaxError: Unexpected string
    at Object.Function (native)
    at Object.precompile (/usr/local/lib/node_modules/hexo/node_modules/swig/lib/swig.js:465:11)
    at Object.compile (/usr/local/lib/node_modules/hexo/node_modules/swig/lib/swig.js:560:16)
    at /usr/local/lib/node_modules/hexo/lib/post/render.js:69:29
    at /usr/local/lib/node_modules/hexo/node_modules/async/lib/async.js:548:21
    at /usr/local/lib/node_modules/hexo/node_modules/async/lib/async.js:224:13
    at iterate (/usr/local/lib/node_modules/hexo/node_modules/async/lib/async.js:131:13)
    at async.eachSeries (/usr/local/lib/node_modules/hexo/node_modules/async/lib/async.js:147:9)
    at _asyncMap (/usr/local/lib/node_modules/hexo/node_modules/async/lib/async.js:223:9)
    at Object.mapSeries (/usr/local/lib/node_modules/hexo/node_modules/async/lib/async.js:213:23)
